[2022-03-07 23:05:20,784] {manager.py:514} INFO - Processing files using up to 2 processes at a time 
[2022-03-07 23:05:20,786] {manager.py:515} INFO - Process each file at most once every 30 seconds
[2022-03-07 23:05:20,788] {manager.py:517} INFO - Checking for new files in /opt/airflow/dags every 300 seconds
[2022-03-07 23:05:20,790] {manager.py:663} INFO - Searching for files in /opt/airflow/dags
[2022-03-07 23:05:20,799] {manager.py:666} INFO - There are 0 files in /opt/airflow/dags
[2022-03-07 23:05:20,856] {manager.py:1065} INFO - Finding 'running' jobs without a recent heartbeat
[2022-03-07 23:05:20,857] {manager.py:1069} INFO - Failing jobs without heartbeat after 2022-03-07 23:00:20.857205+00:00
[2022-03-07 23:05:30,909] {manager.py:1065} INFO - Finding 'running' jobs without a recent heartbeat
[2022-03-07 23:05:30,923] {manager.py:1069} INFO - Failing jobs without heartbeat after 2022-03-07 23:00:30.923223+00:00
[2022-03-07 23:05:40,944] {manager.py:1065} INFO - Finding 'running' jobs without a recent heartbeat
[2022-03-07 23:05:40,945] {manager.py:1069} INFO - Failing jobs without heartbeat after 2022-03-07 23:00:40.945488+00:00
[2022-03-07 23:05:50,964] {manager.py:1065} INFO - Finding 'running' jobs without a recent heartbeat
[2022-03-07 23:05:50,965] {manager.py:1069} INFO - Failing jobs without heartbeat after 2022-03-07 23:00:50.965099+00:00
[2022-03-07 23:06:00,985] {manager.py:1065} INFO - Finding 'running' jobs without a recent heartbeat
[2022-03-07 23:06:00,986] {manager.py:1069} INFO - Failing jobs without heartbeat after 2022-03-07 23:01:00.986141+00:00
[2022-03-07 23:06:11,005] {manager.py:1065} INFO - Finding 'running' jobs without a recent heartbeat
[2022-03-07 23:06:11,006] {manager.py:1069} INFO - Failing jobs without heartbeat after 2022-03-07 23:01:11.006537+00:00
[2022-03-07 23:06:21,028] {manager.py:1065} INFO - Finding 'running' jobs without a recent heartbeat
[2022-03-07 23:06:21,028] {manager.py:1069} INFO - Failing jobs without heartbeat after 2022-03-07 23:01:21.028758+00:00
[2022-03-07 23:06:31,047] {manager.py:1065} INFO - Finding 'running' jobs without a recent heartbeat
[2022-03-07 23:06:31,048] {manager.py:1069} INFO - Failing jobs without heartbeat after 2022-03-07 23:01:31.048300+00:00
[2022-03-07 23:06:41,068] {manager.py:1065} INFO - Finding 'running' jobs without a recent heartbeat
[2022-03-07 23:06:41,069] {manager.py:1069} INFO - Failing jobs without heartbeat after 2022-03-07 23:01:41.069475+00:00
[2022-03-07 23:06:51,087] {manager.py:1065} INFO - Finding 'running' jobs without a recent heartbeat
[2022-03-07 23:06:51,087] {manager.py:1069} INFO - Failing jobs without heartbeat after 2022-03-07 23:01:51.087958+00:00
[2022-03-07 23:07:01,105] {manager.py:1065} INFO - Finding 'running' jobs without a recent heartbeat
[2022-03-07 23:07:01,106] {manager.py:1069} INFO - Failing jobs without heartbeat after 2022-03-07 23:02:01.106082+00:00
[2022-03-07 23:07:11,127] {manager.py:1065} INFO - Finding 'running' jobs without a recent heartbeat
[2022-03-07 23:07:11,129] {manager.py:1069} INFO - Failing jobs without heartbeat after 2022-03-07 23:02:11.129440+00:00
[2022-03-07 23:07:21,170] {manager.py:1065} INFO - Finding 'running' jobs without a recent heartbeat
[2022-03-07 23:07:21,171] {manager.py:1069} INFO - Failing jobs without heartbeat after 2022-03-07 23:02:21.171487+00:00
[2022-03-07 23:07:31,196] {manager.py:1065} INFO - Finding 'running' jobs without a recent heartbeat
[2022-03-07 23:07:31,197] {manager.py:1069} INFO - Failing jobs without heartbeat after 2022-03-07 23:02:31.197195+00:00
[2022-03-07 23:07:41,218] {manager.py:1065} INFO - Finding 'running' jobs without a recent heartbeat
[2022-03-07 23:07:41,218] {manager.py:1069} INFO - Failing jobs without heartbeat after 2022-03-07 23:02:41.218688+00:00
[2022-03-07 23:07:51,241] {manager.py:1065} INFO - Finding 'running' jobs without a recent heartbeat
[2022-03-07 23:07:51,243] {manager.py:1069} INFO - Failing jobs without heartbeat after 2022-03-07 23:02:51.243340+00:00
[2022-03-07 23:08:01,288] {manager.py:1065} INFO - Finding 'running' jobs without a recent heartbeat
[2022-03-07 23:08:01,288] {manager.py:1069} INFO - Failing jobs without heartbeat after 2022-03-07 23:03:01.288804+00:00
[2022-03-07 23:08:11,309] {manager.py:1065} INFO - Finding 'running' jobs without a recent heartbeat
[2022-03-07 23:08:11,309] {manager.py:1069} INFO - Failing jobs without heartbeat after 2022-03-07 23:03:11.309969+00:00
[2022-03-07 23:08:21,337] {manager.py:1065} INFO - Finding 'running' jobs without a recent heartbeat
[2022-03-07 23:08:21,338] {manager.py:1069} INFO - Failing jobs without heartbeat after 2022-03-07 23:03:21.338716+00:00
[2022-03-07 23:08:31,376] {manager.py:1065} INFO - Finding 'running' jobs without a recent heartbeat
[2022-03-07 23:08:31,376] {manager.py:1069} INFO - Failing jobs without heartbeat after 2022-03-07 23:03:31.376677+00:00
[2022-03-07 23:08:41,398] {manager.py:1065} INFO - Finding 'running' jobs without a recent heartbeat
[2022-03-07 23:08:41,400] {manager.py:1069} INFO - Failing jobs without heartbeat after 2022-03-07 23:03:41.399891+00:00
[2022-03-07 23:08:51,445] {manager.py:1065} INFO - Finding 'running' jobs without a recent heartbeat
[2022-03-07 23:08:51,447] {manager.py:1069} INFO - Failing jobs without heartbeat after 2022-03-07 23:03:51.446999+00:00
[2022-03-07 23:09:01,491] {manager.py:1065} INFO - Finding 'running' jobs without a recent heartbeat
[2022-03-07 23:09:01,492] {manager.py:1069} INFO - Failing jobs without heartbeat after 2022-03-07 23:04:01.492076+00:00
[2022-03-07 23:09:11,515] {manager.py:1065} INFO - Finding 'running' jobs without a recent heartbeat
[2022-03-07 23:09:11,516] {manager.py:1069} INFO - Failing jobs without heartbeat after 2022-03-07 23:04:11.516140+00:00
[2022-03-07 23:09:21,538] {manager.py:1065} INFO - Finding 'running' jobs without a recent heartbeat
[2022-03-07 23:09:21,540] {manager.py:1069} INFO - Failing jobs without heartbeat after 2022-03-07 23:04:21.540340+00:00
[2022-03-07 23:09:31,584] {manager.py:1065} INFO - Finding 'running' jobs without a recent heartbeat
[2022-03-07 23:09:31,586] {manager.py:1069} INFO - Failing jobs without heartbeat after 2022-03-07 23:04:31.586129+00:00
[2022-03-07 23:09:41,633] {manager.py:1065} INFO - Finding 'running' jobs without a recent heartbeat
[2022-03-07 23:09:41,634] {manager.py:1069} INFO - Failing jobs without heartbeat after 2022-03-07 23:04:41.634499+00:00
[2022-03-07 23:09:51,668] {manager.py:1065} INFO - Finding 'running' jobs without a recent heartbeat
[2022-03-07 23:09:51,668] {manager.py:1069} INFO - Failing jobs without heartbeat after 2022-03-07 23:04:51.668506+00:00
[2022-03-07 23:10:01,688] {manager.py:1065} INFO - Finding 'running' jobs without a recent heartbeat
[2022-03-07 23:10:01,689] {manager.py:1069} INFO - Failing jobs without heartbeat after 2022-03-07 23:05:01.688991+00:00
[2022-03-07 23:10:11,708] {manager.py:1065} INFO - Finding 'running' jobs without a recent heartbeat
[2022-03-07 23:10:11,710] {manager.py:1069} INFO - Failing jobs without heartbeat after 2022-03-07 23:05:11.710382+00:00
[2022-03-07 23:10:21,550] {manager.py:663} INFO - Searching for files in /opt/airflow/dags
[2022-03-07 23:10:21,561] {manager.py:666} INFO - There are 0 files in /opt/airflow/dags
[2022-03-07 23:10:21,757] {manager.py:1065} INFO - Finding 'running' jobs without a recent heartbeat
[2022-03-07 23:10:21,758] {manager.py:1069} INFO - Failing jobs without heartbeat after 2022-03-07 23:05:21.758754+00:00
[2022-03-07 23:10:31,802] {manager.py:1065} INFO - Finding 'running' jobs without a recent heartbeat
[2022-03-07 23:10:31,804] {manager.py:1069} INFO - Failing jobs without heartbeat after 2022-03-07 23:05:31.804203+00:00
[2022-03-07 23:10:41,837] {manager.py:1065} INFO - Finding 'running' jobs without a recent heartbeat
[2022-03-07 23:10:41,838] {manager.py:1069} INFO - Failing jobs without heartbeat after 2022-03-07 23:05:41.838459+00:00
[2022-03-07 23:10:51,866] {manager.py:1065} INFO - Finding 'running' jobs without a recent heartbeat
[2022-03-07 23:10:51,868] {manager.py:1069} INFO - Failing jobs without heartbeat after 2022-03-07 23:05:51.867933+00:00
[2022-03-07 23:11:01,902] {manager.py:1065} INFO - Finding 'running' jobs without a recent heartbeat
[2022-03-07 23:11:01,904] {manager.py:1069} INFO - Failing jobs without heartbeat after 2022-03-07 23:06:01.904311+00:00
[2022-03-07 23:11:11,950] {manager.py:1065} INFO - Finding 'running' jobs without a recent heartbeat
[2022-03-07 23:11:11,950] {manager.py:1069} INFO - Failing jobs without heartbeat after 2022-03-07 23:06:11.950792+00:00
[2022-03-07 23:11:21,967] {manager.py:1065} INFO - Finding 'running' jobs without a recent heartbeat
[2022-03-07 23:11:21,968] {manager.py:1069} INFO - Failing jobs without heartbeat after 2022-03-07 23:06:21.968103+00:00
[2022-03-07 23:11:31,990] {manager.py:1065} INFO - Finding 'running' jobs without a recent heartbeat
[2022-03-07 23:11:31,991] {manager.py:1069} INFO - Failing jobs without heartbeat after 2022-03-07 23:06:31.991178+00:00
[2022-03-07 23:11:42,015] {manager.py:1065} INFO - Finding 'running' jobs without a recent heartbeat
[2022-03-07 23:11:42,017] {manager.py:1069} INFO - Failing jobs without heartbeat after 2022-03-07 23:06:42.017055+00:00
[2022-03-07 23:11:52,062] {manager.py:1065} INFO - Finding 'running' jobs without a recent heartbeat
[2022-03-07 23:11:52,064] {manager.py:1069} INFO - Failing jobs without heartbeat after 2022-03-07 23:06:52.064257+00:00
[2022-03-07 23:12:02,105] {manager.py:1065} INFO - Finding 'running' jobs without a recent heartbeat
[2022-03-07 23:12:02,106] {manager.py:1069} INFO - Failing jobs without heartbeat after 2022-03-07 23:07:02.106194+00:00
[2022-03-07 23:12:12,127] {manager.py:1065} INFO - Finding 'running' jobs without a recent heartbeat
[2022-03-07 23:12:12,127] {manager.py:1069} INFO - Failing jobs without heartbeat after 2022-03-07 23:07:12.127874+00:00
[2022-03-07 23:12:22,152] {manager.py:1065} INFO - Finding 'running' jobs without a recent heartbeat
[2022-03-07 23:12:22,152] {manager.py:1069} INFO - Failing jobs without heartbeat after 2022-03-07 23:07:22.152394+00:00
[2022-03-07 23:12:32,177] {manager.py:1065} INFO - Finding 'running' jobs without a recent heartbeat
[2022-03-07 23:12:32,178] {manager.py:1069} INFO - Failing jobs without heartbeat after 2022-03-07 23:07:32.178211+00:00
[2022-03-07 23:12:42,201] {manager.py:1065} INFO - Finding 'running' jobs without a recent heartbeat
[2022-03-07 23:12:42,203] {manager.py:1069} INFO - Failing jobs without heartbeat after 2022-03-07 23:07:42.202988+00:00
[2022-03-07 23:12:52,247] {manager.py:1065} INFO - Finding 'running' jobs without a recent heartbeat
[2022-03-07 23:12:52,248] {manager.py:1069} INFO - Failing jobs without heartbeat after 2022-03-07 23:07:52.248398+00:00
[2022-03-07 23:13:02,270] {manager.py:1065} INFO - Finding 'running' jobs without a recent heartbeat
[2022-03-07 23:13:02,272] {manager.py:1069} INFO - Failing jobs without heartbeat after 2022-03-07 23:08:02.272837+00:00
[2022-03-07 23:13:12,326] {manager.py:1065} INFO - Finding 'running' jobs without a recent heartbeat
[2022-03-07 23:13:12,326] {manager.py:1069} INFO - Failing jobs without heartbeat after 2022-03-07 23:08:12.326467+00:00
[2022-03-07 23:13:22,348] {manager.py:1065} INFO - Finding 'running' jobs without a recent heartbeat
[2022-03-07 23:13:22,349] {manager.py:1069} INFO - Failing jobs without heartbeat after 2022-03-07 23:08:22.349641+00:00
[2022-03-07 23:13:32,397] {manager.py:1065} INFO - Finding 'running' jobs without a recent heartbeat
[2022-03-07 23:13:32,398] {manager.py:1069} INFO - Failing jobs without heartbeat after 2022-03-07 23:08:32.398079+00:00
[2022-03-07 23:13:42,420] {manager.py:1065} INFO - Finding 'running' jobs without a recent heartbeat
[2022-03-07 23:13:42,420] {manager.py:1069} INFO - Failing jobs without heartbeat after 2022-03-07 23:08:42.420651+00:00
[2022-03-07 23:13:52,442] {manager.py:1065} INFO - Finding 'running' jobs without a recent heartbeat
[2022-03-07 23:13:52,443] {manager.py:1069} INFO - Failing jobs without heartbeat after 2022-03-07 23:08:52.443403+00:00
[2022-03-07 23:14:02,471] {manager.py:1065} INFO - Finding 'running' jobs without a recent heartbeat
[2022-03-07 23:14:02,471] {manager.py:1069} INFO - Failing jobs without heartbeat after 2022-03-07 23:09:02.471419+00:00
[2022-03-07 23:14:12,493] {manager.py:1065} INFO - Finding 'running' jobs without a recent heartbeat
[2022-03-07 23:14:12,493] {manager.py:1069} INFO - Failing jobs without heartbeat after 2022-03-07 23:09:12.493894+00:00
[2022-03-07 23:14:22,519] {manager.py:1065} INFO - Finding 'running' jobs without a recent heartbeat
[2022-03-07 23:14:22,520] {manager.py:1069} INFO - Failing jobs without heartbeat after 2022-03-07 23:09:22.520569+00:00
[2022-03-07 23:14:32,562] {manager.py:1065} INFO - Finding 'running' jobs without a recent heartbeat
[2022-03-07 23:14:32,564] {manager.py:1069} INFO - Failing jobs without heartbeat after 2022-03-07 23:09:32.564005+00:00
[2022-03-07 23:14:42,606] {manager.py:1065} INFO - Finding 'running' jobs without a recent heartbeat
[2022-03-07 23:14:42,607] {manager.py:1069} INFO - Failing jobs without heartbeat after 2022-03-07 23:09:42.607266+00:00
[2022-03-07 23:14:52,646] {manager.py:1065} INFO - Finding 'running' jobs without a recent heartbeat
[2022-03-07 23:14:52,647] {manager.py:1069} INFO - Failing jobs without heartbeat after 2022-03-07 23:09:52.647361+00:00
[2022-03-07 23:15:02,673] {manager.py:1065} INFO - Finding 'running' jobs without a recent heartbeat
[2022-03-07 23:15:02,673] {manager.py:1069} INFO - Failing jobs without heartbeat after 2022-03-07 23:10:02.673891+00:00
[2022-03-07 23:15:12,710] {manager.py:1065} INFO - Finding 'running' jobs without a recent heartbeat
[2022-03-07 23:15:12,711] {manager.py:1069} INFO - Failing jobs without heartbeat after 2022-03-07 23:10:12.711303+00:00
[2022-03-07 23:15:21,737] {manager.py:663} INFO - Searching for files in /opt/airflow/dags
[2022-03-07 23:15:21,748] {manager.py:666} INFO - There are 0 files in /opt/airflow/dags
[2022-03-07 23:15:22,782] {manager.py:1065} INFO - Finding 'running' jobs without a recent heartbeat
[2022-03-07 23:15:22,783] {manager.py:1069} INFO - Failing jobs without heartbeat after 2022-03-07 23:10:22.783384+00:00
[2022-03-07 23:15:32,825] {manager.py:1065} INFO - Finding 'running' jobs without a recent heartbeat
[2022-03-07 23:15:32,826] {manager.py:1069} INFO - Failing jobs without heartbeat after 2022-03-07 23:10:32.826455+00:00
[2022-03-07 23:15:42,857] {manager.py:1065} INFO - Finding 'running' jobs without a recent heartbeat
[2022-03-07 23:15:42,858] {manager.py:1069} INFO - Failing jobs without heartbeat after 2022-03-07 23:10:42.858003+00:00
[2022-03-07 23:15:52,885] {manager.py:1065} INFO - Finding 'running' jobs without a recent heartbeat
[2022-03-07 23:15:52,886] {manager.py:1069} INFO - Failing jobs without heartbeat after 2022-03-07 23:10:52.886436+00:00
[2022-03-07 23:16:02,915] {manager.py:1065} INFO - Finding 'running' jobs without a recent heartbeat
[2022-03-07 23:16:02,916] {manager.py:1069} INFO - Failing jobs without heartbeat after 2022-03-07 23:11:02.916770+00:00
[2022-03-07 23:16:12,952] {manager.py:1065} INFO - Finding 'running' jobs without a recent heartbeat
[2022-03-07 23:16:12,953] {manager.py:1069} INFO - Failing jobs without heartbeat after 2022-03-07 23:11:12.953501+00:00
[2022-03-07 23:16:23,000] {manager.py:1065} INFO - Finding 'running' jobs without a recent heartbeat
[2022-03-07 23:16:23,000] {manager.py:1069} INFO - Failing jobs without heartbeat after 2022-03-07 23:11:23.000583+00:00
[2022-03-07 23:16:33,033] {manager.py:1065} INFO - Finding 'running' jobs without a recent heartbeat
[2022-03-07 23:16:33,034] {manager.py:1069} INFO - Failing jobs without heartbeat after 2022-03-07 23:11:33.034354+00:00
[2022-03-07 23:16:43,068] {manager.py:1065} INFO - Finding 'running' jobs without a recent heartbeat
[2022-03-07 23:16:43,069] {manager.py:1069} INFO - Failing jobs without heartbeat after 2022-03-07 23:11:43.069126+00:00
[2022-03-07 23:16:53,095] {manager.py:1065} INFO - Finding 'running' jobs without a recent heartbeat
[2022-03-07 23:16:53,095] {manager.py:1069} INFO - Failing jobs without heartbeat after 2022-03-07 23:11:53.095734+00:00
[2022-03-07 23:17:03,129] {manager.py:1065} INFO - Finding 'running' jobs without a recent heartbeat
[2022-03-07 23:17:03,129] {manager.py:1069} INFO - Failing jobs without heartbeat after 2022-03-07 23:12:03.129556+00:00
[2022-03-07 23:17:13,159] {manager.py:1065} INFO - Finding 'running' jobs without a recent heartbeat
[2022-03-07 23:17:13,160] {manager.py:1069} INFO - Failing jobs without heartbeat after 2022-03-07 23:12:13.160377+00:00
[2022-03-07 23:17:23,192] {manager.py:1065} INFO - Finding 'running' jobs without a recent heartbeat
[2022-03-07 23:17:23,193] {manager.py:1069} INFO - Failing jobs without heartbeat after 2022-03-07 23:12:23.193863+00:00
[2022-03-07 23:17:33,233] {manager.py:1065} INFO - Finding 'running' jobs without a recent heartbeat
[2022-03-07 23:17:33,233] {manager.py:1069} INFO - Failing jobs without heartbeat after 2022-03-07 23:12:33.233623+00:00
[2022-03-07 23:17:43,264] {manager.py:1065} INFO - Finding 'running' jobs without a recent heartbeat
[2022-03-07 23:17:43,264] {manager.py:1069} INFO - Failing jobs without heartbeat after 2022-03-07 23:12:43.264880+00:00
[2022-03-07 23:17:53,296] {manager.py:1065} INFO - Finding 'running' jobs without a recent heartbeat
[2022-03-07 23:17:53,297] {manager.py:1069} INFO - Failing jobs without heartbeat after 2022-03-07 23:12:53.297094+00:00
[2022-03-07 23:18:03,326] {manager.py:1065} INFO - Finding 'running' jobs without a recent heartbeat
[2022-03-07 23:18:03,327] {manager.py:1069} INFO - Failing jobs without heartbeat after 2022-03-07 23:13:03.327696+00:00
[2022-03-07 23:18:13,370] {manager.py:1065} INFO - Finding 'running' jobs without a recent heartbeat
[2022-03-07 23:18:13,371] {manager.py:1069} INFO - Failing jobs without heartbeat after 2022-03-07 23:13:13.371454+00:00
[2022-03-07 23:18:23,417] {manager.py:1065} INFO - Finding 'running' jobs without a recent heartbeat
[2022-03-07 23:18:23,417] {manager.py:1069} INFO - Failing jobs without heartbeat after 2022-03-07 23:13:23.417752+00:00
[2022-03-07 23:18:33,445] {manager.py:1065} INFO - Finding 'running' jobs without a recent heartbeat
[2022-03-07 23:18:33,445] {manager.py:1069} INFO - Failing jobs without heartbeat after 2022-03-07 23:13:33.445837+00:00
[2022-03-07 23:18:43,473] {manager.py:1065} INFO - Finding 'running' jobs without a recent heartbeat
[2022-03-07 23:18:43,473] {manager.py:1069} INFO - Failing jobs without heartbeat after 2022-03-07 23:13:43.473755+00:00
[2022-03-07 23:18:53,501] {manager.py:1065} INFO - Finding 'running' jobs without a recent heartbeat
[2022-03-07 23:18:53,502] {manager.py:1069} INFO - Failing jobs without heartbeat after 2022-03-07 23:13:53.502069+00:00
[2022-03-07 23:19:03,528] {manager.py:1065} INFO - Finding 'running' jobs without a recent heartbeat
[2022-03-07 23:19:03,528] {manager.py:1069} INFO - Failing jobs without heartbeat after 2022-03-07 23:14:03.528728+00:00
[2022-03-07 23:19:13,558] {manager.py:1065} INFO - Finding 'running' jobs without a recent heartbeat
[2022-03-07 23:19:13,560] {manager.py:1069} INFO - Failing jobs without heartbeat after 2022-03-07 23:14:13.560094+00:00
[2022-03-07 23:19:23,612] {manager.py:1065} INFO - Finding 'running' jobs without a recent heartbeat
[2022-03-07 23:19:23,613] {manager.py:1069} INFO - Failing jobs without heartbeat after 2022-03-07 23:14:23.613107+00:00
[2022-03-07 23:19:33,642] {manager.py:1065} INFO - Finding 'running' jobs without a recent heartbeat
[2022-03-07 23:19:33,644] {manager.py:1069} INFO - Failing jobs without heartbeat after 2022-03-07 23:14:33.644076+00:00
[2022-03-07 23:19:43,692] {manager.py:1065} INFO - Finding 'running' jobs without a recent heartbeat
[2022-03-07 23:19:43,693] {manager.py:1069} INFO - Failing jobs without heartbeat after 2022-03-07 23:14:43.693463+00:00
[2022-03-07 23:19:53,729] {manager.py:1065} INFO - Finding 'running' jobs without a recent heartbeat
[2022-03-07 23:19:53,729] {manager.py:1069} INFO - Failing jobs without heartbeat after 2022-03-07 23:14:53.729862+00:00
[2022-03-07 23:20:03,755] {manager.py:1065} INFO - Finding 'running' jobs without a recent heartbeat
[2022-03-07 23:20:03,756] {manager.py:1069} INFO - Failing jobs without heartbeat after 2022-03-07 23:15:03.756529+00:00
[2022-03-07 23:20:13,782] {manager.py:1065} INFO - Finding 'running' jobs without a recent heartbeat
[2022-03-07 23:20:13,782] {manager.py:1069} INFO - Failing jobs without heartbeat after 2022-03-07 23:15:13.782810+00:00
[2022-03-07 23:20:21,808] {manager.py:663} INFO - Searching for files in /opt/airflow/dags
[2022-03-07 23:20:21,812] {manager.py:666} INFO - There are 0 files in /opt/airflow/dags
[2022-03-07 23:20:23,822] {manager.py:1065} INFO - Finding 'running' jobs without a recent heartbeat
[2022-03-07 23:20:23,823] {manager.py:1069} INFO - Failing jobs without heartbeat after 2022-03-07 23:15:23.823392+00:00
[2022-03-07 23:20:33,851] {manager.py:1065} INFO - Finding 'running' jobs without a recent heartbeat
[2022-03-07 23:20:33,852] {manager.py:1069} INFO - Failing jobs without heartbeat after 2022-03-07 23:15:33.852376+00:00
[2022-03-07 23:20:43,882] {manager.py:1065} INFO - Finding 'running' jobs without a recent heartbeat
[2022-03-07 23:20:43,883] {manager.py:1069} INFO - Failing jobs without heartbeat after 2022-03-07 23:15:43.883797+00:00
[2022-03-07 23:20:53,933] {manager.py:1065} INFO - Finding 'running' jobs without a recent heartbeat
[2022-03-07 23:20:53,934] {manager.py:1069} INFO - Failing jobs without heartbeat after 2022-03-07 23:15:53.934542+00:00
[2022-03-07 23:21:03,992] {manager.py:1065} INFO - Finding 'running' jobs without a recent heartbeat
[2022-03-07 23:21:03,993] {manager.py:1069} INFO - Failing jobs without heartbeat after 2022-03-07 23:16:03.993136+00:00
[2022-03-07 23:21:14,025] {manager.py:1065} INFO - Finding 'running' jobs without a recent heartbeat
[2022-03-07 23:21:14,025] {manager.py:1069} INFO - Failing jobs without heartbeat after 2022-03-07 23:16:14.025732+00:00
[2022-03-07 23:21:24,053] {manager.py:1065} INFO - Finding 'running' jobs without a recent heartbeat
[2022-03-07 23:21:24,055] {manager.py:1069} INFO - Failing jobs without heartbeat after 2022-03-07 23:16:24.054959+00:00
[2022-03-07 23:21:34,111] {manager.py:1065} INFO - Finding 'running' jobs without a recent heartbeat
[2022-03-07 23:21:34,112] {manager.py:1069} INFO - Failing jobs without heartbeat after 2022-03-07 23:16:34.112696+00:00
[2022-03-07 23:21:44,164] {manager.py:1065} INFO - Finding 'running' jobs without a recent heartbeat
[2022-03-07 23:21:44,165] {manager.py:1069} INFO - Failing jobs without heartbeat after 2022-03-07 23:16:44.165754+00:00
[2022-03-07 23:21:54,225] {manager.py:1065} INFO - Finding 'running' jobs without a recent heartbeat
[2022-03-07 23:21:54,226] {manager.py:1069} INFO - Failing jobs without heartbeat after 2022-03-07 23:16:54.226281+00:00
[2022-03-07 23:22:04,251] {manager.py:1065} INFO - Finding 'running' jobs without a recent heartbeat
[2022-03-07 23:22:04,252] {manager.py:1069} INFO - Failing jobs without heartbeat after 2022-03-07 23:17:04.252828+00:00
[2022-03-07 23:22:14,301] {manager.py:1065} INFO - Finding 'running' jobs without a recent heartbeat
[2022-03-07 23:22:14,301] {manager.py:1069} INFO - Failing jobs without heartbeat after 2022-03-07 23:17:14.301710+00:00
[2022-03-07 23:22:24,331] {manager.py:1065} INFO - Finding 'running' jobs without a recent heartbeat
[2022-03-07 23:22:24,331] {manager.py:1069} INFO - Failing jobs without heartbeat after 2022-03-07 23:17:24.331595+00:00
[2022-03-07 23:22:34,364] {manager.py:1065} INFO - Finding 'running' jobs without a recent heartbeat
[2022-03-07 23:22:34,365] {manager.py:1069} INFO - Failing jobs without heartbeat after 2022-03-07 23:17:34.365687+00:00
[2022-03-07 23:22:44,421] {manager.py:1065} INFO - Finding 'running' jobs without a recent heartbeat
[2022-03-07 23:22:44,421] {manager.py:1069} INFO - Failing jobs without heartbeat after 2022-03-07 23:17:44.421555+00:00
[2022-03-07 23:22:54,449] {manager.py:1065} INFO - Finding 'running' jobs without a recent heartbeat
[2022-03-07 23:22:54,450] {manager.py:1069} INFO - Failing jobs without heartbeat after 2022-03-07 23:17:54.450065+00:00
[2022-03-07 23:23:04,478] {manager.py:1065} INFO - Finding 'running' jobs without a recent heartbeat
[2022-03-07 23:23:04,480] {manager.py:1069} INFO - Failing jobs without heartbeat after 2022-03-07 23:18:04.479946+00:00
[2022-03-07 23:23:14,534] {manager.py:1065} INFO - Finding 'running' jobs without a recent heartbeat
[2022-03-07 23:23:14,535] {manager.py:1069} INFO - Failing jobs without heartbeat after 2022-03-07 23:18:14.535277+00:00
[2022-03-07 23:23:24,571] {manager.py:1065} INFO - Finding 'running' jobs without a recent heartbeat
[2022-03-07 23:23:24,571] {manager.py:1069} INFO - Failing jobs without heartbeat after 2022-03-07 23:18:24.571566+00:00
[2022-03-07 23:23:34,599] {manager.py:1065} INFO - Finding 'running' jobs without a recent heartbeat
[2022-03-07 23:23:34,602] {manager.py:1069} INFO - Failing jobs without heartbeat after 2022-03-07 23:18:34.602509+00:00
[2022-03-07 23:23:44,633] {manager.py:1065} INFO - Finding 'running' jobs without a recent heartbeat
[2022-03-07 23:23:44,633] {manager.py:1069} INFO - Failing jobs without heartbeat after 2022-03-07 23:18:44.633870+00:00
[2022-03-07 23:23:54,664] {manager.py:1065} INFO - Finding 'running' jobs without a recent heartbeat
[2022-03-07 23:23:54,665] {manager.py:1069} INFO - Failing jobs without heartbeat after 2022-03-07 23:18:54.665514+00:00
[2022-03-07 23:24:04,709] {manager.py:1065} INFO - Finding 'running' jobs without a recent heartbeat
[2022-03-07 23:24:04,709] {manager.py:1069} INFO - Failing jobs without heartbeat after 2022-03-07 23:19:04.709763+00:00
[2022-03-07 23:24:14,741] {manager.py:1065} INFO - Finding 'running' jobs without a recent heartbeat
[2022-03-07 23:24:14,741] {manager.py:1069} INFO - Failing jobs without heartbeat after 2022-03-07 23:19:14.741820+00:00
[2022-03-07 23:24:24,774] {manager.py:1065} INFO - Finding 'running' jobs without a recent heartbeat
[2022-03-07 23:24:24,775] {manager.py:1069} INFO - Failing jobs without heartbeat after 2022-03-07 23:19:24.775173+00:00
[2022-03-07 23:24:34,805] {manager.py:1065} INFO - Finding 'running' jobs without a recent heartbeat
[2022-03-07 23:24:34,806] {manager.py:1069} INFO - Failing jobs without heartbeat after 2022-03-07 23:19:34.806219+00:00
[2022-03-07 23:24:44,833] {manager.py:1065} INFO - Finding 'running' jobs without a recent heartbeat
[2022-03-07 23:24:44,834] {manager.py:1069} INFO - Failing jobs without heartbeat after 2022-03-07 23:19:44.834527+00:00
[2022-03-07 23:24:54,863] {manager.py:1065} INFO - Finding 'running' jobs without a recent heartbeat
[2022-03-07 23:24:54,863] {manager.py:1069} INFO - Failing jobs without heartbeat after 2022-03-07 23:19:54.863913+00:00
[2022-03-07 23:25:04,889] {manager.py:1065} INFO - Finding 'running' jobs without a recent heartbeat
[2022-03-07 23:25:04,889] {manager.py:1069} INFO - Failing jobs without heartbeat after 2022-03-07 23:20:04.889630+00:00
[2022-03-07 23:25:14,915] {manager.py:1065} INFO - Finding 'running' jobs without a recent heartbeat
[2022-03-07 23:25:14,916] {manager.py:1069} INFO - Failing jobs without heartbeat after 2022-03-07 23:20:14.916244+00:00
[2022-03-07 23:25:21,937] {manager.py:663} INFO - Searching for files in /opt/airflow/dags
[2022-03-07 23:25:21,941] {manager.py:666} INFO - There are 0 files in /opt/airflow/dags
[2022-03-07 23:25:24,954] {manager.py:1065} INFO - Finding 'running' jobs without a recent heartbeat
[2022-03-07 23:25:24,955] {manager.py:1069} INFO - Failing jobs without heartbeat after 2022-03-07 23:20:24.954994+00:00
[2022-03-07 23:25:34,984] {manager.py:1065} INFO - Finding 'running' jobs without a recent heartbeat
[2022-03-07 23:25:34,984] {manager.py:1069} INFO - Failing jobs without heartbeat after 2022-03-07 23:20:34.984352+00:00
[2022-03-07 23:25:45,009] {manager.py:1065} INFO - Finding 'running' jobs without a recent heartbeat
[2022-03-07 23:25:45,010] {manager.py:1069} INFO - Failing jobs without heartbeat after 2022-03-07 23:20:45.010385+00:00
[2022-03-07 23:26:15,497] {manager.py:1065} INFO - Finding 'running' jobs without a recent heartbeat
[2022-03-07 23:26:15,643] {manager.py:1069} INFO - Failing jobs without heartbeat after 2022-03-07 23:21:15.643587+00:00
[2022-03-08 11:59:27,984] {manager.py:663} INFO - Searching for files in /opt/airflow/dags
[2022-03-08 11:59:27,991] {manager.py:666} INFO - There are 0 files in /opt/airflow/dags
[2022-03-08 11:59:38,008] {manager.py:1065} INFO - Finding 'running' jobs without a recent heartbeat
[2022-03-08 11:59:38,009] {manager.py:1069} INFO - Failing jobs without heartbeat after 2022-03-08 11:54:38.009479+00:00
[2022-03-08 11:59:48,054] {manager.py:1065} INFO - Finding 'running' jobs without a recent heartbeat
[2022-03-08 11:59:48,054] {manager.py:1069} INFO - Failing jobs without heartbeat after 2022-03-08 11:54:48.054824+00:00
[2022-03-08 11:59:58,080] {manager.py:1065} INFO - Finding 'running' jobs without a recent heartbeat
[2022-03-08 11:59:58,080] {manager.py:1069} INFO - Failing jobs without heartbeat after 2022-03-08 11:54:58.080616+00:00
[2022-03-08 12:00:08,104] {manager.py:1065} INFO - Finding 'running' jobs without a recent heartbeat
[2022-03-08 12:00:08,104] {manager.py:1069} INFO - Failing jobs without heartbeat after 2022-03-08 11:55:08.104959+00:00
[2022-03-08 12:00:18,131] {manager.py:1065} INFO - Finding 'running' jobs without a recent heartbeat
[2022-03-08 12:00:18,131] {manager.py:1069} INFO - Failing jobs without heartbeat after 2022-03-08 11:55:18.131754+00:00
[2022-03-08 12:00:28,158] {manager.py:1065} INFO - Finding 'running' jobs without a recent heartbeat
[2022-03-08 12:00:28,158] {manager.py:1069} INFO - Failing jobs without heartbeat after 2022-03-08 11:55:28.158856+00:00
[2022-03-08 12:00:38,184] {manager.py:1065} INFO - Finding 'running' jobs without a recent heartbeat
[2022-03-08 12:00:38,185] {manager.py:1069} INFO - Failing jobs without heartbeat after 2022-03-08 11:55:38.185313+00:00
[2022-03-08 12:00:48,212] {manager.py:1065} INFO - Finding 'running' jobs without a recent heartbeat
[2022-03-08 12:00:48,212] {manager.py:1069} INFO - Failing jobs without heartbeat after 2022-03-08 11:55:48.212661+00:00
[2022-03-08 12:00:58,236] {manager.py:1065} INFO - Finding 'running' jobs without a recent heartbeat
[2022-03-08 12:00:58,236] {manager.py:1069} INFO - Failing jobs without heartbeat after 2022-03-08 11:55:58.236828+00:00
[2022-03-08 12:01:08,261] {manager.py:1065} INFO - Finding 'running' jobs without a recent heartbeat
[2022-03-08 12:01:08,261] {manager.py:1069} INFO - Failing jobs without heartbeat after 2022-03-08 11:56:08.261789+00:00
[2022-03-08 12:01:18,286] {manager.py:1065} INFO - Finding 'running' jobs without a recent heartbeat
[2022-03-08 12:01:18,288] {manager.py:1069} INFO - Failing jobs without heartbeat after 2022-03-08 11:56:18.288313+00:00
[2022-03-08 12:01:28,337] {manager.py:1065} INFO - Finding 'running' jobs without a recent heartbeat
[2022-03-08 12:01:28,338] {manager.py:1069} INFO - Failing jobs without heartbeat after 2022-03-08 11:56:28.338181+00:00
[2022-03-08 12:01:38,368] {manager.py:1065} INFO - Finding 'running' jobs without a recent heartbeat
[2022-03-08 12:01:38,368] {manager.py:1069} INFO - Failing jobs without heartbeat after 2022-03-08 11:56:38.368645+00:00
[2022-03-08 12:01:48,393] {manager.py:1065} INFO - Finding 'running' jobs without a recent heartbeat
[2022-03-08 12:01:48,394] {manager.py:1069} INFO - Failing jobs without heartbeat after 2022-03-08 11:56:48.394157+00:00
[2022-03-08 12:01:58,418] {manager.py:1065} INFO - Finding 'running' jobs without a recent heartbeat
[2022-03-08 12:01:58,419] {manager.py:1069} INFO - Failing jobs without heartbeat after 2022-03-08 11:56:58.419457+00:00
[2022-03-08 12:02:08,449] {manager.py:1065} INFO - Finding 'running' jobs without a recent heartbeat
[2022-03-08 12:02:08,449] {manager.py:1069} INFO - Failing jobs without heartbeat after 2022-03-08 11:57:08.449791+00:00
[2022-03-08 12:02:18,478] {manager.py:1065} INFO - Finding 'running' jobs without a recent heartbeat
[2022-03-08 12:02:18,478] {manager.py:1069} INFO - Failing jobs without heartbeat after 2022-03-08 11:57:18.478888+00:00
[2022-03-08 12:02:28,506] {manager.py:1065} INFO - Finding 'running' jobs without a recent heartbeat
[2022-03-08 12:02:28,529] {manager.py:1069} INFO - Failing jobs without heartbeat after 2022-03-08 11:57:28.529434+00:00
[2022-03-08 12:02:38,562] {manager.py:1065} INFO - Finding 'running' jobs without a recent heartbeat
[2022-03-08 12:02:38,563] {manager.py:1069} INFO - Failing jobs without heartbeat after 2022-03-08 11:57:38.563014+00:00
[2022-03-08 12:02:48,588] {manager.py:1065} INFO - Finding 'running' jobs without a recent heartbeat
[2022-03-08 12:02:48,588] {manager.py:1069} INFO - Failing jobs without heartbeat after 2022-03-08 11:57:48.588693+00:00
[2022-03-08 12:02:58,618] {manager.py:1065} INFO - Finding 'running' jobs without a recent heartbeat
[2022-03-08 12:02:58,618] {manager.py:1069} INFO - Failing jobs without heartbeat after 2022-03-08 11:57:58.618824+00:00
[2022-03-08 12:03:08,646] {manager.py:1065} INFO - Finding 'running' jobs without a recent heartbeat
[2022-03-08 12:03:08,647] {manager.py:1069} INFO - Failing jobs without heartbeat after 2022-03-08 11:58:08.647295+00:00
[2022-03-08 12:03:18,685] {manager.py:1065} INFO - Finding 'running' jobs without a recent heartbeat
[2022-03-08 12:03:18,686] {manager.py:1069} INFO - Failing jobs without heartbeat after 2022-03-08 11:58:18.686011+00:00
[2022-03-08 12:03:28,714] {manager.py:1065} INFO - Finding 'running' jobs without a recent heartbeat
[2022-03-08 12:03:28,715] {manager.py:1069} INFO - Failing jobs without heartbeat after 2022-03-08 11:58:28.715701+00:00
[2022-03-08 12:03:38,751] {manager.py:1065} INFO - Finding 'running' jobs without a recent heartbeat
[2022-03-08 12:03:38,751] {manager.py:1069} INFO - Failing jobs without heartbeat after 2022-03-08 11:58:38.751938+00:00
[2022-03-08 12:03:48,778] {manager.py:1065} INFO - Finding 'running' jobs without a recent heartbeat
[2022-03-08 12:03:48,780] {manager.py:1069} INFO - Failing jobs without heartbeat after 2022-03-08 11:58:48.779948+00:00
[2022-03-08 12:03:58,826] {manager.py:1065} INFO - Finding 'running' jobs without a recent heartbeat
[2022-03-08 12:03:58,827] {manager.py:1069} INFO - Failing jobs without heartbeat after 2022-03-08 11:58:58.827650+00:00
[2022-03-08 12:04:08,879] {manager.py:1065} INFO - Finding 'running' jobs without a recent heartbeat
[2022-03-08 12:04:08,879] {manager.py:1069} INFO - Failing jobs without heartbeat after 2022-03-08 11:59:08.879900+00:00
[2022-03-08 12:04:18,911] {manager.py:1065} INFO - Finding 'running' jobs without a recent heartbeat
[2022-03-08 12:04:18,911] {manager.py:1069} INFO - Failing jobs without heartbeat after 2022-03-08 11:59:18.911808+00:00
[2022-03-08 12:04:28,943] {manager.py:663} INFO - Searching for files in /opt/airflow/dags
[2022-03-08 12:04:28,951] {manager.py:666} INFO - There are 0 files in /opt/airflow/dags
[2022-03-08 12:04:28,970] {manager.py:1065} INFO - Finding 'running' jobs without a recent heartbeat
[2022-03-08 12:04:28,971] {manager.py:1069} INFO - Failing jobs without heartbeat after 2022-03-08 11:59:28.971406+00:00
[2022-03-08 12:04:39,007] {manager.py:1065} INFO - Finding 'running' jobs without a recent heartbeat
[2022-03-08 12:04:39,008] {manager.py:1069} INFO - Failing jobs without heartbeat after 2022-03-08 11:59:39.008192+00:00
[2022-03-08 12:04:49,031] {manager.py:1065} INFO - Finding 'running' jobs without a recent heartbeat
[2022-03-08 12:04:49,032] {manager.py:1069} INFO - Failing jobs without heartbeat after 2022-03-08 11:59:49.032468+00:00
[2022-03-08 12:04:59,058] {manager.py:1065} INFO - Finding 'running' jobs without a recent heartbeat
[2022-03-08 12:04:59,059] {manager.py:1069} INFO - Failing jobs without heartbeat after 2022-03-08 11:59:59.059583+00:00
[2022-03-08 12:05:09,087] {manager.py:1065} INFO - Finding 'running' jobs without a recent heartbeat
[2022-03-08 12:05:09,088] {manager.py:1069} INFO - Failing jobs without heartbeat after 2022-03-08 12:00:09.088166+00:00
[2022-03-08 12:05:19,112] {manager.py:1065} INFO - Finding 'running' jobs without a recent heartbeat
[2022-03-08 12:05:19,113] {manager.py:1069} INFO - Failing jobs without heartbeat after 2022-03-08 12:00:19.113638+00:00
[2022-03-08 12:05:29,149] {manager.py:1065} INFO - Finding 'running' jobs without a recent heartbeat
[2022-03-08 12:05:29,150] {manager.py:1069} INFO - Failing jobs without heartbeat after 2022-03-08 12:00:29.150023+00:00
[2022-03-08 12:05:39,175] {manager.py:1065} INFO - Finding 'running' jobs without a recent heartbeat
[2022-03-08 12:05:39,175] {manager.py:1069} INFO - Failing jobs without heartbeat after 2022-03-08 12:00:39.175836+00:00
[2022-03-08 12:05:49,204] {manager.py:1065} INFO - Finding 'running' jobs without a recent heartbeat
[2022-03-08 12:05:49,204] {manager.py:1069} INFO - Failing jobs without heartbeat after 2022-03-08 12:00:49.204766+00:00
[2022-03-08 12:05:59,234] {manager.py:1065} INFO - Finding 'running' jobs without a recent heartbeat
[2022-03-08 12:05:59,235] {manager.py:1069} INFO - Failing jobs without heartbeat after 2022-03-08 12:00:59.235132+00:00
[2022-03-08 12:06:09,260] {manager.py:1065} INFO - Finding 'running' jobs without a recent heartbeat
[2022-03-08 12:06:09,261] {manager.py:1069} INFO - Failing jobs without heartbeat after 2022-03-08 12:01:09.261375+00:00
[2022-03-08 12:06:19,287] {manager.py:1065} INFO - Finding 'running' jobs without a recent heartbeat
[2022-03-08 12:06:19,288] {manager.py:1069} INFO - Failing jobs without heartbeat after 2022-03-08 12:01:19.288203+00:00
[2022-03-08 12:06:29,315] {manager.py:1065} INFO - Finding 'running' jobs without a recent heartbeat
[2022-03-08 12:06:29,315] {manager.py:1069} INFO - Failing jobs without heartbeat after 2022-03-08 12:01:29.315849+00:00
[2022-03-08 12:06:39,343] {manager.py:1065} INFO - Finding 'running' jobs without a recent heartbeat
[2022-03-08 12:06:39,344] {manager.py:1069} INFO - Failing jobs without heartbeat after 2022-03-08 12:01:39.344902+00:00
[2022-03-08 12:06:49,388] {manager.py:1065} INFO - Finding 'running' jobs without a recent heartbeat
[2022-03-08 12:06:49,389] {manager.py:1069} INFO - Failing jobs without heartbeat after 2022-03-08 12:01:49.389419+00:00
[2022-03-08 12:06:59,420] {manager.py:1065} INFO - Finding 'running' jobs without a recent heartbeat
[2022-03-08 12:06:59,421] {manager.py:1069} INFO - Failing jobs without heartbeat after 2022-03-08 12:01:59.421395+00:00
[2022-03-08 12:07:09,447] {manager.py:1065} INFO - Finding 'running' jobs without a recent heartbeat
[2022-03-08 12:07:09,447] {manager.py:1069} INFO - Failing jobs without heartbeat after 2022-03-08 12:02:09.447528+00:00
[2022-03-08 12:07:19,475] {manager.py:1065} INFO - Finding 'running' jobs without a recent heartbeat
[2022-03-08 12:07:19,475] {manager.py:1069} INFO - Failing jobs without heartbeat after 2022-03-08 12:02:19.475872+00:00
[2022-03-08 12:07:29,506] {manager.py:1065} INFO - Finding 'running' jobs without a recent heartbeat
[2022-03-08 12:07:29,506] {manager.py:1069} INFO - Failing jobs without heartbeat after 2022-03-08 12:02:29.506611+00:00
[2022-03-08 12:07:39,531] {manager.py:1065} INFO - Finding 'running' jobs without a recent heartbeat
[2022-03-08 12:07:39,532] {manager.py:1069} INFO - Failing jobs without heartbeat after 2022-03-08 12:02:39.532295+00:00
[2022-03-08 12:07:49,558] {manager.py:1065} INFO - Finding 'running' jobs without a recent heartbeat
[2022-03-08 12:07:49,558] {manager.py:1069} INFO - Failing jobs without heartbeat after 2022-03-08 12:02:49.558641+00:00
[2022-03-08 12:07:59,583] {manager.py:1065} INFO - Finding 'running' jobs without a recent heartbeat
[2022-03-08 12:07:59,583] {manager.py:1069} INFO - Failing jobs without heartbeat after 2022-03-08 12:02:59.583877+00:00
[2022-03-08 12:08:09,609] {manager.py:1065} INFO - Finding 'running' jobs without a recent heartbeat
[2022-03-08 12:08:09,610] {manager.py:1069} INFO - Failing jobs without heartbeat after 2022-03-08 12:03:09.610113+00:00
[2022-03-08 12:08:19,635] {manager.py:1065} INFO - Finding 'running' jobs without a recent heartbeat
[2022-03-08 12:08:19,635] {manager.py:1069} INFO - Failing jobs without heartbeat after 2022-03-08 12:03:19.635907+00:00
[2022-03-08 12:08:29,660] {manager.py:1065} INFO - Finding 'running' jobs without a recent heartbeat
[2022-03-08 12:08:29,661] {manager.py:1069} INFO - Failing jobs without heartbeat after 2022-03-08 12:03:29.661455+00:00
[2022-03-08 12:08:39,700] {manager.py:1065} INFO - Finding 'running' jobs without a recent heartbeat
[2022-03-08 12:08:39,701] {manager.py:1069} INFO - Failing jobs without heartbeat after 2022-03-08 12:03:39.701059+00:00
[2022-03-08 12:08:49,730] {manager.py:1065} INFO - Finding 'running' jobs without a recent heartbeat
[2022-03-08 12:08:49,731] {manager.py:1069} INFO - Failing jobs without heartbeat after 2022-03-08 12:03:49.731484+00:00
[2022-03-08 12:08:59,756] {manager.py:1065} INFO - Finding 'running' jobs without a recent heartbeat
[2022-03-08 12:08:59,757] {manager.py:1069} INFO - Failing jobs without heartbeat after 2022-03-08 12:03:59.757562+00:00
[2022-03-08 12:09:09,782] {manager.py:1065} INFO - Finding 'running' jobs without a recent heartbeat
[2022-03-08 12:09:09,782] {manager.py:1069} INFO - Failing jobs without heartbeat after 2022-03-08 12:04:09.782806+00:00
[2022-03-08 12:09:19,809] {manager.py:1065} INFO - Finding 'running' jobs without a recent heartbeat
[2022-03-08 12:09:19,810] {manager.py:1069} INFO - Failing jobs without heartbeat after 2022-03-08 12:04:19.810414+00:00
[2022-03-08 12:09:29,838] {manager.py:663} INFO - Searching for files in /opt/airflow/dags
[2022-03-08 12:09:29,842] {manager.py:666} INFO - There are 0 files in /opt/airflow/dags
[2022-03-08 12:09:29,853] {manager.py:1065} INFO - Finding 'running' jobs without a recent heartbeat
[2022-03-08 12:09:29,854] {manager.py:1069} INFO - Failing jobs without heartbeat after 2022-03-08 12:04:29.854167+00:00
[2022-03-08 12:09:39,886] {manager.py:1065} INFO - Finding 'running' jobs without a recent heartbeat
[2022-03-08 12:09:39,887] {manager.py:1069} INFO - Failing jobs without heartbeat after 2022-03-08 12:04:39.887323+00:00
[2022-03-08 12:09:49,937] {manager.py:1065} INFO - Finding 'running' jobs without a recent heartbeat
[2022-03-08 12:09:49,937] {manager.py:1069} INFO - Failing jobs without heartbeat after 2022-03-08 12:04:49.937928+00:00
[2022-03-08 12:09:59,965] {manager.py:1065} INFO - Finding 'running' jobs without a recent heartbeat
[2022-03-08 12:09:59,965] {manager.py:1069} INFO - Failing jobs without heartbeat after 2022-03-08 12:04:59.965785+00:00
[2022-03-08 12:10:09,996] {manager.py:1065} INFO - Finding 'running' jobs without a recent heartbeat
[2022-03-08 12:10:09,996] {manager.py:1069} INFO - Failing jobs without heartbeat after 2022-03-08 12:05:09.996466+00:00
[2022-03-08 12:10:20,025] {manager.py:1065} INFO - Finding 'running' jobs without a recent heartbeat
[2022-03-08 12:10:20,025] {manager.py:1069} INFO - Failing jobs without heartbeat after 2022-03-08 12:05:20.025759+00:00
[2022-03-08 12:10:30,053] {manager.py:1065} INFO - Finding 'running' jobs without a recent heartbeat
[2022-03-08 12:10:30,054] {manager.py:1069} INFO - Failing jobs without heartbeat after 2022-03-08 12:05:30.054708+00:00
[2022-03-08 12:10:40,082] {manager.py:1065} INFO - Finding 'running' jobs without a recent heartbeat
[2022-03-08 12:10:40,083] {manager.py:1069} INFO - Failing jobs without heartbeat after 2022-03-08 12:05:40.083165+00:00
[2022-03-08 12:10:50,108] {manager.py:1065} INFO - Finding 'running' jobs without a recent heartbeat
[2022-03-08 12:10:50,108] {manager.py:1069} INFO - Failing jobs without heartbeat after 2022-03-08 12:05:50.108804+00:00
[2022-03-08 12:11:00,133] {manager.py:1065} INFO - Finding 'running' jobs without a recent heartbeat
[2022-03-08 12:11:00,134] {manager.py:1069} INFO - Failing jobs without heartbeat after 2022-03-08 12:06:00.133983+00:00
[2022-03-08 12:11:10,160] {manager.py:1065} INFO - Finding 'running' jobs without a recent heartbeat
[2022-03-08 12:11:10,160] {manager.py:1069} INFO - Failing jobs without heartbeat after 2022-03-08 12:06:10.160776+00:00
[2022-03-08 12:11:20,188] {manager.py:1065} INFO - Finding 'running' jobs without a recent heartbeat
[2022-03-08 12:11:20,188] {manager.py:1069} INFO - Failing jobs without heartbeat after 2022-03-08 12:06:20.188783+00:00
[2022-03-08 12:11:30,215] {manager.py:1065} INFO - Finding 'running' jobs without a recent heartbeat
[2022-03-08 12:11:30,216] {manager.py:1069} INFO - Failing jobs without heartbeat after 2022-03-08 12:06:30.216354+00:00
[2022-03-08 12:11:40,242] {manager.py:1065} INFO - Finding 'running' jobs without a recent heartbeat
[2022-03-08 12:11:40,242] {manager.py:1069} INFO - Failing jobs without heartbeat after 2022-03-08 12:06:40.242577+00:00
[2022-03-08 12:11:50,265] {manager.py:1065} INFO - Finding 'running' jobs without a recent heartbeat
[2022-03-08 12:11:50,266] {manager.py:1069} INFO - Failing jobs without heartbeat after 2022-03-08 12:06:50.266125+00:00
[2022-03-08 12:12:00,292] {manager.py:1065} INFO - Finding 'running' jobs without a recent heartbeat
[2022-03-08 12:12:00,292] {manager.py:1069} INFO - Failing jobs without heartbeat after 2022-03-08 12:07:00.292946+00:00
[2022-03-08 12:12:10,318] {manager.py:1065} INFO - Finding 'running' jobs without a recent heartbeat
[2022-03-08 12:12:10,319] {manager.py:1069} INFO - Failing jobs without heartbeat after 2022-03-08 12:07:10.319684+00:00
[2022-03-08 12:12:20,354] {manager.py:1065} INFO - Finding 'running' jobs without a recent heartbeat
[2022-03-08 12:12:20,355] {manager.py:1069} INFO - Failing jobs without heartbeat after 2022-03-08 12:07:20.355493+00:00
[2022-03-08 12:12:30,382] {manager.py:1065} INFO - Finding 'running' jobs without a recent heartbeat
[2022-03-08 12:12:30,383] {manager.py:1069} INFO - Failing jobs without heartbeat after 2022-03-08 12:07:30.383806+00:00
[2022-03-08 12:12:40,429] {manager.py:1065} INFO - Finding 'running' jobs without a recent heartbeat
[2022-03-08 12:12:40,430] {manager.py:1069} INFO - Failing jobs without heartbeat after 2022-03-08 12:07:40.430062+00:00
[2022-03-08 12:12:50,455] {manager.py:1065} INFO - Finding 'running' jobs without a recent heartbeat
[2022-03-08 12:12:50,455] {manager.py:1069} INFO - Failing jobs without heartbeat after 2022-03-08 12:07:50.455780+00:00
[2022-03-08 12:13:00,485] {manager.py:1065} INFO - Finding 'running' jobs without a recent heartbeat
[2022-03-08 12:13:00,485] {manager.py:1069} INFO - Failing jobs without heartbeat after 2022-03-08 12:08:00.485881+00:00
